#
# There is insufficient memory for the Java Runtime Environment to continue.
# Native memory allocation (mmap) failed to map 132120576 bytes for Failed to commit area from 0x0000000082000000 to 0x0000000089e00000 of length 132120576.
# Possible reasons:
#   The system is out of physical RAM or swap space
#   The process is running with CompressedOops enabled, and the Java Heap may be blocking the growth of the native heap
# Possible solutions:
#   Reduce memory load on the system
#   Increase physical memory or swap space
#   Check if swap backing store is full
#   Decrease Java heap size (-Xmx/-Xms)
#   Decrease number of Java threads
#   Decrease Java thread stack sizes (-Xss)
#   Set larger code cache with -XX:ReservedCodeCacheSize=
# This output file may be truncated or incomplete.
#
#  Out of Memory Error (./src/hotspot/os/windows/os_windows.cpp:3301), pid=15868, tid=15928
#
# JRE version:  (11.0.10+8) (build )
# Java VM: OpenJDK 64-Bit Server VM (11.0.10+8-b1145.96, mixed mode, sharing, tiered, compressed oops, g1 gc, windows-amd64)
# No core dump will be written. Minidumps are not enabled by default on client versions of Windows
#

---------------  S U M M A R Y ------------

Command Line: C:\Users\Admin\AppData\Roaming\JetBrains\IntelliJIdea2020.3\plugins\idea-spring-tools\lib\server\language-server.jar

Host: Intel(R) Core(TM) i7-7500U CPU @ 2.70GHz, 4 cores, 7G,  Windows 10 , 64 bit Build 18362 (10.0.18362.1500)
Time: Wed Jun 16 08:54:39 2021 SE Asia Standard Time elapsed time: 0.101230 seconds (0d 0h 0m 0s)

---------------  T H R E A D  ---------------

Current thread (0x00000280b0f9a000):  JavaThread "Unknown thread" [_thread_in_vm, id=15928, stack(0x000000bf44100000,0x000000bf44200000)]

Stack: [0x000000bf44100000,0x000000bf44200000]
Native frames: (J=compiled Java code, j=interpreted, Vv=VM code, C=native code)
V  [jvm.dll+0x5ece6a]
V  [jvm.dll+0x722cd5]
V  [jvm.dll+0x72422d]
V  [jvm.dll+0x7248e3]
V  [jvm.dll+0x2428d8]
V  [jvm.dll+0x5ea244]
V  [jvm.dll+0x5df2e5]
V  [jvm.dll+0x2fdddb]
V  [jvm.dll+0x2fdd4a]
V  [jvm.dll+0x2fdc22]
V  [jvm.dll+0x302b06]
V  [jvm.dll+0x34b033]
V  [jvm.dll+0x34b736]
V  [jvm.dll+0x34b133]
V  [jvm.dll+0x2d87d8]
V  [jvm.dll+0x2d9987]
V  [jvm.dll+0x701817]
V  [jvm.dll+0x70300c]
V  [jvm.dll+0x3585a9]
V  [jvm.dll+0x6e516e]
V  [jvm.dll+0x3c09e3]
V  [jvm.dll+0x3c2c71]
C  [jli.dll+0x5373]
C  [ucrtbase.dll+0x210b2]
C  [KERNEL32.DLL+0x17c24]
C  [ntdll.dll+0x6d721]


---------------  P R O C E S S  ---------------

Threads class SMR info:
_java_thread_list=0x00000280b0e92c60, length=0, elements={
}

Java Threads: ( => current thread )

Other Threads:
  0x00000280b0fb1800 GCTaskThread "GC Thread#0" [stack: 0x000000bf44200000,0x000000bf44300000] [id=15292]
  0x00000280b0fe3000 ConcurrentGCThread "G1 Main Marker" [stack: 0x000000bf44300000,0x000000bf44400000] [id=13868]
  0x00000280b0fe4800 ConcurrentGCThread "G1 Conc#0" [stack: 0x000000bf44400000,0x000000bf44500000] [id=8936]

[error occurred during error reporting (printing all threads), id 0xc0000005, EXCEPTION_ACCESS_VIOLATION (0xc0000005) at pc=0x00007ffecef38db7]

VM state:not at safepoint (not fully initialized)

VM Mutex/Monitor currently owned by a thread:  ([mutex/lock_event])
[0x00000280b0f954a0] Heap_lock - owner thread: 0x00000280b0f9a000

Heap address: 0x0000000082000000, size: 2016 MB, Compressed Oops mode: Non-zero based: 0x0000000082000000
Narrow klass base: 0x0000000000000000, Narrow klass shift: 0

GC Heap History (0 events):
No events

Deoptimization events (0 events):
No events

Classes redefined (0 events):
No events

Internal exceptions (0 events):
No events

Events (1 events):
Event: 0.087 Loaded shared library C:\Program Files\JetBrains\IntelliJ IDEA 2020.3.3\jbr\bin\zip.dll


Dynamic libraries:
0x00007ff6e73b0000 - 0x00007ff6e73ba000 	C:\Program Files\JetBrains\IntelliJ IDEA 2020.3.3\jbr\bin\java.exe
0x00007fff15340000 - 0x00007fff15530000 	C:\Windows\SYSTEM32\ntdll.dll
0x00007fff146f0000 - 0x00007fff147a2000 	C:\Windows\System32\KERNEL32.DLL
0x00007fff12330000 - 0x00007fff125d5000 	C:\Windows\System32\KERNELBASE.dll
0x00007fff13040000 - 0x00007fff1313a000 	C:\Windows\System32\ucrtbase.dll
0x00007fff03f80000 - 0x00007fff03f99000 	C:\Program Files\JetBrains\IntelliJ IDEA 2020.3.3\jbr\bin\jli.dll
0x00007fff094a0000 - 0x00007fff094b7000 	C:\Program Files\JetBrains\IntelliJ IDEA 2020.3.3\jbr\bin\VCRUNTIME140.dll
0x00007fff14cf0000 - 0x00007fff14e84000 	C:\Windows\System32\USER32.dll
0x00007fff122e0000 - 0x00007fff12301000 	C:\Windows\System32\win32u.dll
0x00007fff14c40000 - 0x00007fff14c66000 	C:\Windows\System32\GDI32.dll
0x00007fff131a0000 - 0x00007fff13338000 	C:\Windows\System32\gdi32full.dll
0x00007fff12630000 - 0x00007fff126ce000 	C:\Windows\System32\msvcp_win.dll
0x00007fff03680000 - 0x00007fff03904000 	C:\Windows\WinSxS\amd64_microsoft.windows.common-controls_6595b64144ccf1df_6.0.18362.1500_none_9e79be6de462295c\COMCTL32.dll
0x00007fff14650000 - 0x00007fff146ee000 	C:\Windows\System32\msvcrt.dll
0x00007fff13fc0000 - 0x00007fff142f6000 	C:\Windows\System32\combase.dll
0x00007fff13560000 - 0x00007fff1367f000 	C:\Windows\System32\RPCRT4.dll
0x00007fff12e50000 - 0x00007fff12ed1000 	C:\Windows\System32\bcryptPrimitives.dll
0x00007fff14b70000 - 0x00007fff14b9e000 	C:\Windows\System32\IMM32.DLL
0x00007ffeea380000 - 0x00007ffeea41d000 	C:\Program Files\JetBrains\IntelliJ IDEA 2020.3.3\jbr\bin\msvcp140.dll
0x00007ffecec50000 - 0x00007ffecf720000 	C:\Program Files\JetBrains\IntelliJ IDEA 2020.3.3\jbr\bin\server\jvm.dll
0x00007fff14510000 - 0x00007fff145b3000 	C:\Windows\System32\ADVAPI32.dll
0x00007fff14ba0000 - 0x00007fff14c37000 	C:\Windows\System32\sechost.dll
0x00007fff13fa0000 - 0x00007fff13fa8000 	C:\Windows\System32\PSAPI.DLL
0x00007ffefc580000 - 0x00007ffefc589000 	C:\Windows\SYSTEM32\WSOCK32.dll
0x00007fff14860000 - 0x00007fff148cf000 	C:\Windows\System32\WS2_32.dll
0x00007fff0f740000 - 0x00007fff0f764000 	C:\Windows\SYSTEM32\WINMM.dll
0x00007fff055b0000 - 0x00007fff055ba000 	C:\Windows\SYSTEM32\VERSION.dll
0x00007fff0f710000 - 0x00007fff0f73d000 	C:\Windows\SYSTEM32\WINMMBASE.dll
0x00007fff125e0000 - 0x00007fff1262a000 	C:\Windows\System32\cfgmgr32.dll
0x00007fff12250000 - 0x00007fff12261000 	C:\Windows\System32\kernel.appcore.dll
0x00007fff0e060000 - 0x00007fff0e071000 	C:\Program Files\JetBrains\IntelliJ IDEA 2020.3.3\jbr\bin\verify.dll
0x00007fff10aa0000 - 0x00007fff10c94000 	C:\Windows\SYSTEM32\DBGHELP.DLL
0x00007fff00b50000 - 0x00007fff00b7a000 	C:\Windows\SYSTEM32\dbgcore.DLL
0x00007fff0b250000 - 0x00007fff0b279000 	C:\Program Files\JetBrains\IntelliJ IDEA 2020.3.3\jbr\bin\java.dll
0x00007fff0e050000 - 0x00007fff0e05b000 	C:\Program Files\JetBrains\IntelliJ IDEA 2020.3.3\jbr\bin\jimage.dll
0x00007fff09ce0000 - 0x00007fff09cf8000 	C:\Program Files\JetBrains\IntelliJ IDEA 2020.3.3\jbr\bin\zip.dll

dbghelp: loaded successfully - version: 4.0.5 - missing functions: none
symbol engine: initialized successfully - sym options: 0x614 - pdb path: .;C:\Program Files\JetBrains\IntelliJ IDEA 2020.3.3\jbr\bin;C:\Windows\SYSTEM32;C:\Windows\WinSxS\amd64_microsoft.windows.common-controls_6595b64144ccf1df_6.0.18362.1500_none_9e79be6de462295c;C:\Program Files\JetBrains\IntelliJ IDEA 2020.3.3\jbr\bin\server

VM Arguments:
java_command: C:\Users\Admin\AppData\Roaming\JetBrains\IntelliJIdea2020.3\plugins\idea-spring-tools\lib\server\language-server.jar
java_class_path (initial): C:\Users\Admin\AppData\Roaming\JetBrains\IntelliJIdea2020.3\plugins\idea-spring-tools\lib\server\language-server.jar
Launcher Type: SUN_STANDARD

[Global flags]
     intx CICompilerCount                          = 3                                         {product} {ergonomic}
     uint ConcGCThreads                            = 1                                         {product} {ergonomic}
     uint G1ConcRefinementThreads                  = 4                                         {product} {ergonomic}
   size_t G1HeapRegionSize                         = 1048576                                   {product} {ergonomic}
    uintx GCDrainStackTargetSize                   = 64                                        {product} {ergonomic}
   size_t InitialHeapSize                          = 132120576                                 {product} {ergonomic}
   size_t MarkStackSize                            = 4194304                                   {product} {ergonomic}
   size_t MaxHeapSize                              = 2113929216                                {product} {ergonomic}
   size_t MinHeapDeltaBytes                        = 1048576                                   {product} {ergonomic}
    uintx NonNMethodCodeHeapSize                   = 5830732                                {pd product} {ergonomic}
    uintx NonProfiledCodeHeapSize                  = 122913754                              {pd product} {ergonomic}
    uintx ProfiledCodeHeapSize                     = 122913754                              {pd product} {ergonomic}
    uintx ReservedCodeCacheSize                    = 251658240                              {pd product} {ergonomic}
     bool SegmentedCodeCache                       = true                                      {product} {ergonomic}
     bool UseCompressedClassPointers               = true                                 {lp64_product} {ergonomic}
     bool UseCompressedOops                        = true                                 {lp64_product} {ergonomic}
     bool UseG1GC                                  = true                                      {product} {ergonomic}
     bool UseLargePagesIndividualAllocation        = false                                  {pd product} {ergonomic}

Logging:
Log output configuration:
 #0: stdout all=warning uptime,level,tags
 #1: stderr all=off uptime,level,tags

Environment Variables:
JAVA_HOME=C:\Program Files\Java\jdk-15.0.1
JRE_HOME=C:\Program Files\Java\jre1.8.0_291
CLASSPATH=C:\Program Files\Java\jdk-15.0.1\bin
PATH="C:\Program Files (x86)\Common Files\Oracle\Java\javapath;C:\Program Files\Java\jre1.8.0_291;C:\Program Files\Java\jdk-15.0.1;";"C:\windows\system32;C:\windows\;C:\Program Files\Java\jre1.8.0_291;C:\Program Files\Java\jdk-15.0.1;";C:\Program Files\Git\cmd;%MAVEN_HOME%\bin;C:\Program Files\MySQL\MySQL Shell 8.0\bin\;C:\windows\system32;C:\windows\;;C:\Users\Admin\AppData\Local\Programs\Microsoft VS Code\bin;C:\Program Files\JetBrains\IntelliJ IDEA 2020.3.3\bin;
USERNAME=Admin
OS=Windows_NT
PROCESSOR_IDENTIFIER=Intel64 Family 6 Model 142 Stepping 9, GenuineIntel



---------------  S Y S T E M  ---------------

OS: Windows 10 , 64 bit Build 18362 (10.0.18362.1500)
OS uptime: 12 days 17:25 hours

CPU:total 4 (initial active 4) (2 cores per cpu, 2 threads per core) family 6 model 142 stepping 9 microcode 0xde, cmov, cx8, fxsr, mmx, sse, sse2, sse3, ssse3, sse4.1, sse4.2, popcnt, avx, avx2, aes, clmul, erms, 3dnowpref, lzcnt, ht, tsc, tscinvbit, bmi1, bmi2, adx, fma

Memory: 4k page, system-wide physical 8061M (530M free)
TotalPageFile size 15728M (AvailPageFile size 32M)
current process WorkingSet (physical memory assigned to process): 9M, peak: 9M
current process commit charge ("private bytes"): 51M, peak: 177M

vm_info: OpenJDK 64-Bit Server VM (11.0.10+8-b1145.96) for windows-amd64 JRE (11.0.10+8-b1145.96), built on Feb 18 2021 01:38:16 by "" with MS VC++ 14.0 (VS2015)

END.
